============================================================
  Generated by:           Genus(TM) Synthesis Solution GENUS15.21 - 15.20-s010_1
  Generated on:           Apr 20 2016  04:07:18 pm
  Module:                 transmitter
  Interconnect mode:      global
  Area mode:              physical library
============================================================

                                              Library 
    Gate     Instances   Area      Library     Domain 
------------------------------------------------------
TLATNTSCAX2          2  12.996    slow_vdd1v0    slow 
------------------------------------------------------
total                2  12.996                


                                                     
            Type             Instances  Area  Area % 
-----------------------------------------------------
sequential                        3262  0.000    0.0 
inverter                          4008  0.000    0.0 
clock_gating_integrated_cell         2 12.996  100.0 
unresolved                           1  0.000    0.0 
logic                            35564  0.000    0.0 
physical_cells                       0  0.000    0.0 
-----------------------------------------------------
total                            42837 12.996  100.0 

