============================================================
  Generated by:           Genus(TM) Synthesis Solution GENUS15.21 - 15.20-s010_1
  Generated on:           Apr 20 2016  04:07:16 pm
  Module:                 transmitter
  Interconnect mode:      global
  Area mode:              physical library
============================================================

            Instance            Domain   Cells  Cell Area  Net Area   Total Area 
---------------------------------------------------------------------------------
transmitter                     slow     42836     128775        47       128822 
  filt                          slow     42189     126825        12       126837 
    shape_imag_stage33          slow       661       1983         0         1983 
      csa_tree_add_30_32_groupi slow       613       1554         0         1554 
    shape_real_stage33          slow       661       1983         0         1983 
      csa_tree_add_30_32_groupi slow       613       1554         0         1554 
    shape_imag_stage32          slow       659       1980         0         1980 
      csa_tree_add_30_32_groupi slow       611       1552         0         1552 
    shape_imag_stage2           slow       659       1980         0         1980 
      csa_tree_add_30_32_groupi slow       611       1552         0         1552 
    shape_real_stage32          slow       659       1980         0         1980 
      csa_tree_add_30_32_groupi slow       611       1552         0         1552 
    shape_real_stage2           slow       659       1980         0         1980 
      csa_tree_add_30_32_groupi slow       611       1552         0         1552 
    shape_imag_stage5           slow       658       1977         0         1977 
      csa_tree_add_30_32_groupi slow       610       1549         0         1549 
    shape_imag_stage29          slow       658       1977         0         1977 
      csa_tree_add_30_32_groupi slow       610       1549         0         1549 
    shape_imag_stage18          slow       658       1977         0         1977 
      csa_tree_add_30_32_groupi slow       610       1549         0         1549 
    shape_imag_stage16          slow       658       1977         0         1977 
      csa_tree_add_30_32_groupi slow       610       1549         0         1549 
    shape_real_stage5           slow       658       1977         0         1977 
      csa_tree_add_30_32_groupi slow       610       1549         0         1549 
    shape_real_stage29          slow       658       1977         0         1977 
      csa_tree_add_30_32_groupi slow       610       1549         0         1549 
    shape_real_stage18          slow       658       1977         0         1977 
      csa_tree_add_30_32_groupi slow       610       1549         0         1549 
    shape_real_stage16          slow       658       1977         0         1977 
      csa_tree_add_30_32_groupi slow       610       1549         0         1549 
    shape_imag_stage7           slow       651       1960         0         1960 
      csa_tree_add_30_32_groupi slow       603       1532         0         1532 
    shape_imag_stage27          slow       651       1960         0         1960 
      csa_tree_add_30_32_groupi slow       603       1532         0         1532 
    shape_real_stage7           slow       651       1960         0         1960 
      csa_tree_add_30_32_groupi slow       603       1532         0         1532 
    shape_real_stage27          slow       651       1960         0         1960 
      csa_tree_add_30_32_groupi slow       603       1532         0         1532 
    shape_imag_stage20          slow       647       1949         0         1949 
      csa_tree_add_30_32_groupi slow       599       1521         0         1521 
    shape_imag_stage14          slow       647       1949         0         1949 
      csa_tree_add_30_32_groupi slow       599       1521         0         1521 
    shape_real_stage20          slow       647       1949         0         1949 
      csa_tree_add_30_32_groupi slow       599       1521         0         1521 
    shape_real_stage14          slow       647       1949         0         1949 
      csa_tree_add_30_32_groupi slow       599       1521         0         1521 
    shape_imag_stage22          slow       637       1907         0         1907 
      csa_tree_add_30_32_groupi slow       589       1479         0         1479 
    shape_imag_stage12          slow       637       1907         0         1907 
      csa_tree_add_30_32_groupi slow       589       1479         0         1479 
    shape_real_stage22          slow       637       1907         0         1907 
      csa_tree_add_30_32_groupi slow       589       1479         0         1479 
    shape_real_stage12          slow       637       1907         0         1907 
      csa_tree_add_30_32_groupi slow       589       1479         0         1479 
    shape_imag_stage21          slow       637       1906         0         1906 
      csa_tree_add_30_32_groupi slow       589       1478         0         1478 
    shape_imag_stage13          slow       637       1906         0         1906 
      csa_tree_add_30_32_groupi slow       589       1478         0         1478 
    shape_real_stage21          slow       637       1906         0         1906 
      csa_tree_add_30_32_groupi slow       589       1478         0         1478 
    shape_real_stage13          slow       637       1906         0         1906 
      csa_tree_add_30_32_groupi slow       589       1478         0         1478 
    shape_imag_stage6           slow       636       1904         0         1904 
      csa_tree_add_30_32_groupi slow       588       1475         0         1475 
    shape_imag_stage28          slow       636       1904         0         1904 
      csa_tree_add_30_32_groupi slow       588       1475         0         1475 
    shape_imag_stage23          slow       636       1904         0         1904 
      csa_tree_add_30_32_groupi slow       588       1475         0         1475 
    shape_imag_stage11          slow       636       1904         0         1904 
      csa_tree_add_30_32_groupi slow       588       1475         0         1475 
    shape_real_stage6           slow       636       1904         0         1904 
      csa_tree_add_30_32_groupi slow       588       1475         0         1475 
    shape_real_stage28          slow       636       1904         0         1904 
      csa_tree_add_30_32_groupi slow       588       1475         0         1475 
    shape_real_stage23          slow       636       1904         0         1904 
      csa_tree_add_30_32_groupi slow       588       1475         0         1475 
    shape_real_stage11          slow       636       1904         0         1904 
      csa_tree_add_30_32_groupi slow       588       1475         0         1475 
    shape_imag_stage24          slow       635       1902         0         1902 
      csa_tree_add_30_32_groupi slow       587       1474         0         1474 
    shape_imag_stage10          slow       635       1902         0         1902 
      csa_tree_add_30_32_groupi slow       587       1474         0         1474 
    shape_real_stage24          slow       635       1902         0         1902 
      csa_tree_add_30_32_groupi slow       587       1474         0         1474 
    shape_real_stage10          slow       635       1902         0         1902 
      csa_tree_add_30_32_groupi slow       587       1474         0         1474 
    shape_imag_stage19          slow       634       1900         0         1900 
      csa_tree_add_30_32_groupi slow       586       1472         0         1472 
    shape_imag_stage15          slow       634       1900         0         1900 
      csa_tree_add_30_32_groupi slow       586       1472         0         1472 
    shape_real_stage19          slow       634       1900         0         1900 
      csa_tree_add_30_32_groupi slow       586       1472         0         1472 
    shape_real_stage15          slow       634       1900         0         1900 
      csa_tree_add_30_32_groupi slow       586       1472         0         1472 
    shape_imag_stage8           slow       632       1895         0         1895 
      csa_tree_add_30_32_groupi slow       584       1467         0         1467 
    shape_imag_stage26          slow       632       1895         0         1895 
      csa_tree_add_30_32_groupi slow       584       1467         0         1467 
    shape_real_stage8           slow       632       1895         0         1895 
      csa_tree_add_30_32_groupi slow       584       1467         0         1467 
    shape_real_stage26          slow       632       1895         0         1895 
      csa_tree_add_30_32_groupi slow       584       1467         0         1467 
    shape_imag_stage9           slow       631       1892         0         1892 
      csa_tree_add_30_32_groupi slow       583       1464         0         1464 
    shape_imag_stage25          slow       631       1892         0         1892 
      csa_tree_add_30_32_groupi slow       583       1464         0         1464 
    shape_real_stage9           slow       631       1892         0         1892 
      csa_tree_add_30_32_groupi slow       583       1464         0         1464 
    shape_real_stage25          slow       631       1892         0         1892 
      csa_tree_add_30_32_groupi slow       583       1464         0         1464 
    shape_imag_stage17          slow       630       1888         0         1888 
      csa_tree_add_30_32_groupi slow       582       1460         0         1460 
    shape_real_stage17          slow       630       1888         0         1888 
      csa_tree_add_30_32_groupi slow       582       1460         0         1460 
    shape_imag_stage4           slow       627       1882         0         1882 
      csa_tree_add_30_32_groupi slow       579       1454         0         1454 
    shape_imag_stage30          slow       627       1882         0         1882 
      csa_tree_add_30_32_groupi slow       579       1454         0         1454 
    shape_real_stage4           slow       627       1882         0         1882 
      csa_tree_add_30_32_groupi slow       579       1454         0         1454 
    shape_real_stage30          slow       627       1882         0         1882 
      csa_tree_add_30_32_groupi slow       579       1454         0         1454 
    shape_imag_stage31          slow       614       1853         0         1853 
      csa_tree_add_30_32_groupi slow       566       1424         0         1424 
    shape_imag_stage3           slow       614       1853         0         1853 
      csa_tree_add_30_32_groupi slow       566       1424         0         1424 
    shape_real_stage31          slow       614       1853         0         1853 
      csa_tree_add_30_32_groupi slow       566       1424         0         1424 
    shape_real_stage3           slow       614       1853         0         1853 
      csa_tree_add_30_32_groupi slow       566       1424         0         1424 
    shape_imag_stage1           slow       589       1772         0         1772 
      csa_tree_add_30_32_groupi slow       541       1344         0         1344 
    shape_real_stage1           slow       589       1772         0         1772 
      csa_tree_add_30_32_groupi slow       541       1344         0         1344 
  turbo_coder                   slow       647       1950        11         1961 
    out_block                   slow       409       1246         9         1255 
    rsc_2                       slow       119        352         1          353 
    rsc_1                       slow       119        352         1          353 
