============================================================
  Generated by:           Genus(TM) Synthesis Solution GENUS15.21 - 15.20-s010_1
  Generated on:           Apr 20 2016  04:07:19 pm
  Module:                 transmitter
  Interconnect mode:      global
  Area mode:              physical library
============================================================

Timing
--------

Mode   Clock   Period 
----------------------
bcwc clk       5000.0 
     clk_slow 60000.0 


               Cost           Critical Path  Violating 
Mode           Group              Slack        Paths   
-------------------------------------------------------
bcwc C2C                             1585.5            
     C2O                           No paths            
     cg_enable_group_clk_slow      No paths            
     clk                           No paths            
     clk_slow                      No paths            
     default                       No paths            
     I2C                           No paths            
     I2O                           No paths            

Instance Count
--------------
Leaf Instance Count             42836 
Sequential Instance Count        3264 
Combinational Instance Count    39572 
Hierarchical Instance Count       140 

Area
----
Cell Area                          128774.935
Physical Cell Area                 0.000
Total Cell Area (Cell+Physical)    128774.935
Net Area                           46.697
Total Area (Cell+Physical+Net)     128821.632

Runtime                            1.000 seconds
Elapsed Runtime                    54 seconds
Genus peak memory usage            626.77 
Innovus peak memory usage          no_value 
Hostname                           ice02.ee.cooper.edu
