Command: report datapath > Outputs/reports_Apr20/generic/transmitter_datapath.rpt
============================================================
  Generated by:           Genus(TM) Synthesis Solution GENUS15.21 - 15.20-s010_1
  Generated on:           Apr 20 2016  04:07:13 pm
  Module:                 transmitter
  Interconnect mode:      global
  Area mode:              physical library
============================================================


Inferred components

                  Operator   Signedness  Inputs  Outputs CellArea 
==================================================================
transmitter
 filt
  shape_imag_stage1
   csa_tree_add_30_32_groupi
    
    module:csa_tree_add_30_32_group_862_863_63
     very_fast csa_and_adder            32x32x32 32       1344.22 
==================================================================
transmitter
 filt
  shape_imag_stage10
   csa_tree_add_30_32_groupi
    
    module:csa_tree_add_30_32_group_862_863_40
     very_fast csa_and_adder            32x32x32 32       1474.18 
==================================================================
transmitter
 filt
  shape_imag_stage11
   csa_tree_add_30_32_groupi
    
    module:csa_tree_add_30_32_group_862_863_41
     very_fast csa_and_adder            32x32x32 32       1475.45 
==================================================================
transmitter
 filt
  shape_imag_stage12
   csa_tree_add_30_32_groupi
    
    module:csa_tree_add_30_32_group_862_863_42
     very_fast csa_and_adder            32x32x32 32       1479.28 
==================================================================
transmitter
 filt
  shape_imag_stage13
   csa_tree_add_30_32_groupi
    
    module:csa_tree_add_30_32_group_862_863_43
     very_fast csa_and_adder            32x32x32 32       1478.00 
==================================================================
transmitter
 filt
  shape_imag_stage14
   csa_tree_add_30_32_groupi
    
    module:csa_tree_add_30_32_group_862_863_44
     very_fast csa_and_adder            32x32x32 32       1521.32 
==================================================================
transmitter
 filt
  shape_imag_stage15
   csa_tree_add_30_32_groupi
    
    module:csa_tree_add_30_32_group_862_863_45
     very_fast csa_and_adder            32x32x32 32       1471.63 
==================================================================
transmitter
 filt
  shape_imag_stage16
   csa_tree_add_30_32_groupi
    
    module:csa_tree_add_30_32_group_862_863_46
     very_fast csa_and_adder            32x32x32 32       1549.35 
==================================================================
transmitter
 filt
  shape_imag_stage17
   csa_tree_add_30_32_groupi
    
    module:csa_tree_add_30_32_group_862_863_15
     very_fast csa_and_adder            32x32x32 32       1460.16 
==================================================================
transmitter
 filt
  shape_imag_stage18
   csa_tree_add_30_32_groupi
    
    module:csa_tree_add_30_32_group_862_863_46
     very_fast csa_and_adder            32x32x32 32       1549.35 
==================================================================
transmitter
 filt
  shape_imag_stage19
   csa_tree_add_30_32_groupi
    
    module:csa_tree_add_30_32_group_862_863_45
     very_fast csa_and_adder            32x32x32 32       1471.63 
==================================================================
transmitter
 filt
  shape_imag_stage2
   csa_tree_add_30_32_groupi
    
    module:csa_tree_add_30_32_group_862_863
     very_fast csa_and_adder            32x32x32 32       1551.90 
==================================================================
transmitter
 filt
  shape_imag_stage20
   csa_tree_add_30_32_groupi
    
    module:csa_tree_add_30_32_group_862_863_44
     very_fast csa_and_adder            32x32x32 32       1521.32 
==================================================================
transmitter
 filt
  shape_imag_stage21
   csa_tree_add_30_32_groupi
    
    module:csa_tree_add_30_32_group_862_863_43
     very_fast csa_and_adder            32x32x32 32       1478.00 
==================================================================
transmitter
 filt
  shape_imag_stage22
   csa_tree_add_30_32_groupi
    
    module:csa_tree_add_30_32_group_862_863_42
     very_fast csa_and_adder            32x32x32 32       1479.28 
==================================================================
transmitter
 filt
  shape_imag_stage23
   csa_tree_add_30_32_groupi
    
    module:csa_tree_add_30_32_group_862_863_41
     very_fast csa_and_adder            32x32x32 32       1475.45 
==================================================================
transmitter
 filt
  shape_imag_stage24
   csa_tree_add_30_32_groupi
    
    module:csa_tree_add_30_32_group_862_863_40
     very_fast csa_and_adder            32x32x32 32       1474.18 
==================================================================
transmitter
 filt
  shape_imag_stage25
   csa_tree_add_30_32_groupi
    
    module:csa_tree_add_30_32_group_862_863_39
     very_fast csa_and_adder            32x32x32 32       1463.99 
==================================================================
transmitter
 filt
  shape_imag_stage26
   csa_tree_add_30_32_groupi
    
    module:csa_tree_add_30_32_group_862_863_38
     very_fast csa_and_adder            32x32x32 32       1466.53 
==================================================================
transmitter
 filt
  shape_imag_stage27
   csa_tree_add_30_32_groupi
    
    module:csa_tree_add_30_32_group_862_863_37
     very_fast csa_and_adder            32x32x32 32       1531.52 
==================================================================
transmitter
 filt
  shape_imag_stage28
   csa_tree_add_30_32_groupi
    
    module:csa_tree_add_30_32_group_862_863_36
     very_fast csa_and_adder            32x32x32 32       1475.45 
==================================================================
transmitter
 filt
  shape_imag_stage29
   csa_tree_add_30_32_groupi
    
    module:csa_tree_add_30_32_group_862_863_35
     very_fast csa_and_adder            32x32x32 32       1549.35 
==================================================================
transmitter
 filt
  shape_imag_stage3
   csa_tree_add_30_32_groupi
    
    module:csa_tree_add_30_32_group_862_863_33
     very_fast csa_and_adder            32x32x32 32       1424.49 
==================================================================
transmitter
 filt
  shape_imag_stage30
   csa_tree_add_30_32_groupi
    
    module:csa_tree_add_30_32_group_862_863_34
     very_fast csa_and_adder            32x32x32 32       1453.79 
==================================================================
transmitter
 filt
  shape_imag_stage31
   csa_tree_add_30_32_groupi
    
    module:csa_tree_add_30_32_group_862_863_33
     very_fast csa_and_adder            32x32x32 32       1424.49 
==================================================================
transmitter
 filt
  shape_imag_stage32
   csa_tree_add_30_32_groupi
    
    module:csa_tree_add_30_32_group_862_863
     very_fast csa_and_adder            32x32x32 32       1551.90 
==================================================================
transmitter
 filt
  shape_imag_stage33
   csa_tree_add_30_32_groupi
    
    module:csa_tree_add_30_32_group_734
     very_fast csa_and_adder            32x32x32 16       1554.45 
------------------------------------------------------------------
     add_30_32       +       signed     32x32    16               
     mul_30_23
      booth          *       signed     32x32    32               
==================================================================
transmitter
 filt
  shape_imag_stage4
   csa_tree_add_30_32_groupi
    
    module:csa_tree_add_30_32_group_862_863_34
     very_fast csa_and_adder            32x32x32 32       1453.79 
==================================================================
transmitter
 filt
  shape_imag_stage5
   csa_tree_add_30_32_groupi
    
    module:csa_tree_add_30_32_group_862_863_35
     very_fast csa_and_adder            32x32x32 32       1549.35 
==================================================================
transmitter
 filt
  shape_imag_stage6
   csa_tree_add_30_32_groupi
    
    module:csa_tree_add_30_32_group_862_863_36
     very_fast csa_and_adder            32x32x32 32       1475.45 
==================================================================
transmitter
 filt
  shape_imag_stage7
   csa_tree_add_30_32_groupi
    
    module:csa_tree_add_30_32_group_862_863_37
     very_fast csa_and_adder            32x32x32 32       1531.52 
==================================================================
transmitter
 filt
  shape_imag_stage8
   csa_tree_add_30_32_groupi
    
    module:csa_tree_add_30_32_group_862_863_38
     very_fast csa_and_adder            32x32x32 32       1466.53 
==================================================================
transmitter
 filt
  shape_imag_stage9
   csa_tree_add_30_32_groupi
    
    module:csa_tree_add_30_32_group_862_863_39
     very_fast csa_and_adder            32x32x32 32       1463.99 
==================================================================
transmitter
 filt
  shape_real_stage1
   csa_tree_add_30_32_groupi
    
    module:csa_tree_add_30_32_group_862_863_63
     very_fast csa_and_adder            32x32x32 32       1344.22 
------------------------------------------------------------------
     add_30_32       +       signed     32x32    32               
     mul_30_23
      booth          *       signed     32x32    32               
==================================================================
transmitter
 filt
  shape_real_stage10
   csa_tree_add_30_32_groupi
    
    module:csa_tree_add_30_32_group_862_863_40
     very_fast csa_and_adder            32x32x32 32       1474.18 
==================================================================
transmitter
 filt
  shape_real_stage11
   csa_tree_add_30_32_groupi
    
    module:csa_tree_add_30_32_group_862_863_41
     very_fast csa_and_adder            32x32x32 32       1475.45 
==================================================================
transmitter
 filt
  shape_real_stage12
   csa_tree_add_30_32_groupi
    
    module:csa_tree_add_30_32_group_862_863_42
     very_fast csa_and_adder            32x32x32 32       1479.28 
==================================================================
transmitter
 filt
  shape_real_stage13
   csa_tree_add_30_32_groupi
    
    module:csa_tree_add_30_32_group_862_863_43
     very_fast csa_and_adder            32x32x32 32       1478.00 
==================================================================
transmitter
 filt
  shape_real_stage14
   csa_tree_add_30_32_groupi
    
    module:csa_tree_add_30_32_group_862_863_44
     very_fast csa_and_adder            32x32x32 32       1521.32 
==================================================================
transmitter
 filt
  shape_real_stage15
   csa_tree_add_30_32_groupi
    
    module:csa_tree_add_30_32_group_862_863_45
     very_fast csa_and_adder            32x32x32 32       1471.63 
==================================================================
transmitter
 filt
  shape_real_stage16
   csa_tree_add_30_32_groupi
    
    module:csa_tree_add_30_32_group_862_863_46
     very_fast csa_and_adder            32x32x32 32       1549.35 
==================================================================
transmitter
 filt
  shape_real_stage17
   csa_tree_add_30_32_groupi
    
    module:csa_tree_add_30_32_group_862_863_15
     very_fast csa_and_adder            32x32x32 32       1460.16 
==================================================================
transmitter
 filt
  shape_real_stage18
   csa_tree_add_30_32_groupi
    
    module:csa_tree_add_30_32_group_862_863_46
     very_fast csa_and_adder            32x32x32 32       1549.35 
==================================================================
transmitter
 filt
  shape_real_stage19
   csa_tree_add_30_32_groupi
    
    module:csa_tree_add_30_32_group_862_863_45
     very_fast csa_and_adder            32x32x32 32       1471.63 
==================================================================
transmitter
 filt
  shape_real_stage2
   csa_tree_add_30_32_groupi
    
    module:csa_tree_add_30_32_group_862_863
     very_fast csa_and_adder            32x32x32 32       1551.90 
==================================================================
transmitter
 filt
  shape_real_stage20
   csa_tree_add_30_32_groupi
    
    module:csa_tree_add_30_32_group_862_863_44
     very_fast csa_and_adder            32x32x32 32       1521.32 
==================================================================
transmitter
 filt
  shape_real_stage21
   csa_tree_add_30_32_groupi
    
    module:csa_tree_add_30_32_group_862_863_43
     very_fast csa_and_adder            32x32x32 32       1478.00 
==================================================================
transmitter
 filt
  shape_real_stage22
   csa_tree_add_30_32_groupi
    
    module:csa_tree_add_30_32_group_862_863_42
     very_fast csa_and_adder            32x32x32 32       1479.28 
==================================================================
transmitter
 filt
  shape_real_stage23
   csa_tree_add_30_32_groupi
    
    module:csa_tree_add_30_32_group_862_863_41
     very_fast csa_and_adder            32x32x32 32       1475.45 
==================================================================
transmitter
 filt
  shape_real_stage24
   csa_tree_add_30_32_groupi
    
    module:csa_tree_add_30_32_group_862_863_40
     very_fast csa_and_adder            32x32x32 32       1474.18 
==================================================================
transmitter
 filt
  shape_real_stage25
   csa_tree_add_30_32_groupi
    
    module:csa_tree_add_30_32_group_862_863_39
     very_fast csa_and_adder            32x32x32 32       1463.99 
==================================================================
transmitter
 filt
  shape_real_stage26
   csa_tree_add_30_32_groupi
    
    module:csa_tree_add_30_32_group_862_863_38
     very_fast csa_and_adder            32x32x32 32       1466.53 
==================================================================
transmitter
 filt
  shape_real_stage27
   csa_tree_add_30_32_groupi
    
    module:csa_tree_add_30_32_group_862_863_37
     very_fast csa_and_adder            32x32x32 32       1531.52 
==================================================================
transmitter
 filt
  shape_real_stage28
   csa_tree_add_30_32_groupi
    
    module:csa_tree_add_30_32_group_862_863_36
     very_fast csa_and_adder            32x32x32 32       1475.45 
==================================================================
transmitter
 filt
  shape_real_stage29
   csa_tree_add_30_32_groupi
    
    module:csa_tree_add_30_32_group_862_863_35
     very_fast csa_and_adder            32x32x32 32       1549.35 
==================================================================
transmitter
 filt
  shape_real_stage3
   csa_tree_add_30_32_groupi
    
    module:csa_tree_add_30_32_group_862_863_33
     very_fast csa_and_adder            32x32x32 32       1424.49 
==================================================================
transmitter
 filt
  shape_real_stage30
   csa_tree_add_30_32_groupi
    
    module:csa_tree_add_30_32_group_862_863_34
     very_fast csa_and_adder            32x32x32 32       1453.79 
==================================================================
transmitter
 filt
  shape_real_stage31
   csa_tree_add_30_32_groupi
    
    module:csa_tree_add_30_32_group_862_863_33
     very_fast csa_and_adder            32x32x32 32       1424.49 
==================================================================
transmitter
 filt
  shape_real_stage32
   csa_tree_add_30_32_groupi
    
    module:csa_tree_add_30_32_group_862_863
     very_fast csa_and_adder            32x32x32 32       1551.90 
==================================================================
transmitter
 filt
  shape_real_stage33
   csa_tree_add_30_32_groupi
    
    module:csa_tree_add_30_32_group_734
     very_fast csa_and_adder            32x32x32 16       1554.45 
------------------------------------------------------------------
     add_30_32       +       signed     32x32    16               
     mul_30_23
      booth          *       signed     32x32    32               
==================================================================
transmitter
 filt
  shape_real_stage4
   csa_tree_add_30_32_groupi
    
    module:csa_tree_add_30_32_group_862_863_34
     very_fast csa_and_adder            32x32x32 32       1453.79 
==================================================================
transmitter
 filt
  shape_real_stage5
   csa_tree_add_30_32_groupi
    
    module:csa_tree_add_30_32_group_862_863_35
     very_fast csa_and_adder            32x32x32 32       1549.35 
==================================================================
transmitter
 filt
  shape_real_stage6
   csa_tree_add_30_32_groupi
    
    module:csa_tree_add_30_32_group_862_863_36
     very_fast csa_and_adder            32x32x32 32       1475.45 
==================================================================
transmitter
 filt
  shape_real_stage7
   csa_tree_add_30_32_groupi
    
    module:csa_tree_add_30_32_group_862_863_37
     very_fast csa_and_adder            32x32x32 32       1531.52 
==================================================================
transmitter
 filt
  shape_real_stage8
   csa_tree_add_30_32_groupi
    
    module:csa_tree_add_30_32_group_862_863_38
     very_fast csa_and_adder            32x32x32 32       1466.53 
==================================================================
transmitter
 filt
  shape_real_stage9
   csa_tree_add_30_32_groupi
    
    module:csa_tree_add_30_32_group_862_863_39
     very_fast csa_and_adder            32x32x32 32       1463.99 
==================================================================

      Type        CellArea Percentage 
--------------------------------------
datapath modules  98182.60      76.24 
external muxes        0.00       0.00 
others            30592.34      23.76 
--------------------------------------
total            128774.94     100.00 

