============================================================
  Generated by:           Genus(TM) Synthesis Solution GENUS15.21 - 15.20-s010_1
  Generated on:           Apr 20 2016  04:06:50 pm
  Module:                 transmitter
  Interconnect mode:      global
  Area mode:              physical library
============================================================

Some unconstrained paths have not been displayed.
Use -unconstrained or set the root attribute 'timing_report_unconstrained' to 'true' to see only these unconstrained paths.

============================================================
  Generated by:           Genus(TM) Synthesis Solution GENUS15.21 - 15.20-s010_1
  Generated on:           Apr 20 2016  04:06:50 pm
  Module:                 transmitter
  Interconnect mode:      global
  Area mode:              physical library
============================================================

No paths found

============================================================
  Generated by:           Genus(TM) Synthesis Solution GENUS15.21 - 15.20-s010_1
  Generated on:           Apr 20 2016  04:06:50 pm
  Module:                 transmitter
  Interconnect mode:      global
  Area mode:              physical library
============================================================

No paths found

============================================================
  Generated by:           Genus(TM) Synthesis Solution GENUS15.21 - 15.20-s010_1
  Generated on:           Apr 20 2016  04:06:50 pm
  Module:                 transmitter
  Interconnect mode:      global
  Area mode:              physical library
============================================================

No paths found

============================================================
  Generated by:           Genus(TM) Synthesis Solution GENUS15.21 - 15.20-s010_1
  Generated on:           Apr 20 2016  04:06:50 pm
  Module:                 transmitter
  Interconnect mode:      global
  Area mode:              physical library
============================================================

No paths found

============================================================
  Generated by:           Genus(TM) Synthesis Solution GENUS15.21 - 15.20-s010_1
  Generated on:           Apr 20 2016  04:06:50 pm
  Module:                 transmitter
  Interconnect mode:      global
  Area mode:              physical library
============================================================


Path 1: VIOLATED (-397 ps) Setup Check with Pin filt/shape_imag/stage32/yout_z1_reg[31]/clk->d
           View: bcwc
          Group: C2C
     Startpoint: (R) filt/shape_imag/stage32/xin_z1_reg[1]/clk
          Clock: (R) clk
       Endpoint: (R) filt/shape_imag/stage32/yout_z1_reg[31]/d
          Clock: (R) clk

                     Capture       Launch     
        Clock Edge:+    5000            0     
       Src Latency:+       0            0     
       Net Latency:+       0 (I)        0 (I) 
           Arrival:=    5000            0     
                                              
             Setup:-     191                  
       Uncertainty:-     200                  
     Required Time:=    4609                  
      Launch Clock:-       0                  
         Data Path:-    5006                  
             Slack:=    -397                  

#-----------------------------------------------------------------------------------------------------------------
#               Timing Point                Flags    Arc    Edge      Cell        Fanout Load Trans Delay Arrival 
#                                                                                        (fF)  (ps)  (ps)   (ps)  
#-----------------------------------------------------------------------------------------------------------------
  filt/shape_imag/stage32/xin_z1_reg[1]/clk -       -       R     (arrival)         6406    -     0     -       0 
  filt/shape_imag/stage32/xin_z1_reg[1]/q   (u)     clk->q  R     unmapped_d_flop     39 46.8     0   416     416 
  filt/shape_imag/stage32/mul_30_23/g141/z  (u)     in_1->z F     unmapped_xor2       30 33.0     0   329     745 
  filt/shape_imag/stage32/mul_30_23/g143/z  (u)     in_0->z R     unmapped_not         1  1.2     0    48     792 
  filt/shape_imag/stage32/mul_30_23/g144/z  (u)     in_0->z R     unmapped_and2       29 34.8     0   233    1026 
  filt/shape_imag/stage32/mul_30_23/g227/z  (u)     in_1->z F     unmapped_nand2       1  1.1     0    83    1109 
  filt/shape_imag/stage32/mul_30_23/g228/z  (u)     in_1->z R     unmapped_nand2       2  2.4     0   101    1210 
  filt/shape_imag/stage32/mul_30_23/g2010/z (u)     in_1->z R     unmapped_xor2        3  3.6     0   212    1422 
  filt/shape_imag/stage32/mul_30_23/g2030/z (u)     in_1->z R     unmapped_xor2        1  1.2     0   176    1597 
  filt/shape_imag/stage32/mul_30_23/g2031/z (u)     in_0->z R     unmapped_xor2        3  3.6     0   212    1809 
  filt/shape_imag/stage32/mul_30_23/g2048/z (u)     in_1->z R     unmapped_xor2        1  1.2     0   176    1984 
  filt/shape_imag/stage32/mul_30_23/g2049/z (u)     in_0->z R     unmapped_xor2        3  3.6     0   212    2196 
  filt/shape_imag/stage32/mul_30_23/g2055/z (u)     in_1->z R     unmapped_xor2        3  3.6     0   212    2408 
  filt/shape_imag/stage32/mul_30_23/g2060/z (u)     in_1->z R     unmapped_xor2        1  1.2     0   176    2583 
  filt/shape_imag/stage32/mul_30_23/g2061/z (u)     in_0->z R     unmapped_xor2        2  2.4     0   194    2777 
  filt/shape_imag/stage32/mul_30_23/g2843/z (u)     in_1->z F     unmapped_nor2        3  3.3     0   119    2896 
  filt/shape_imag/stage32/mul_30_23/g2904/z (u)     in_1->z R     unmapped_nor2        1  1.2     0    83    2979 
  filt/shape_imag/stage32/mul_30_23/g2906/z (u)     in_0->z F     unmapped_nor2        3  3.3     0   119    3098 
  filt/shape_imag/stage32/mul_30_23/g2975/z (u)     in_0->z R     unmapped_nor2        1  1.2     0    83    3181 
  filt/shape_imag/stage32/mul_30_23/g2977/z (u)     in_0->z F     unmapped_nor2        1  1.1     0    83    3264 
  filt/shape_imag/stage32/mul_30_23/g3036/z (u)     in_0->z R     unmapped_not         1  1.2     0    48    3311 
  filt/shape_imag/stage32/mul_30_23/g3037/z (u)     in_1->z F     unmapped_nor2        8  8.8     0   164    3476 
  filt/shape_imag/stage32/mul_30_23/g3071/z (u)     in_1->z R     unmapped_nor2        1  1.2     0    83    3559 
  filt/shape_imag/stage32/mul_30_23/g3073/z (u)     in_0->z F     unmapped_nor2        1  1.1     0    83    3642 
  filt/shape_imag/stage32/mul_30_23/g3127/z (u)     in_0->z R     unmapped_nand2       1  1.2     0    83    3724 
  filt/shape_imag/stage32/mul_30_23/g3209/z (u)     in_0->z R     unmapped_xnor2       2  2.4     0   194    3918 
  filt/shape_imag/stage32/add_30_32/g57/z   (u)     in_0->z F     unmapped_nor2        3  3.3     0   119    4037 
  filt/shape_imag/stage32/add_30_32/g118/z  (u)     in_1->z R     unmapped_nor2        1  1.2     0    83    4120 
  filt/shape_imag/stage32/add_30_32/g120/z  (u)     in_0->z F     unmapped_nor2        3  3.3     0   119    4239 
  filt/shape_imag/stage32/add_30_32/g195/z  (u)     in_0->z R     unmapped_nor2        1  1.2     0    83    4322 
  filt/shape_imag/stage32/add_30_32/g197/z  (u)     in_0->z F     unmapped_nor2        4  4.4     0   130    4452 
  filt/shape_imag/stage32/add_30_32/g263/z  (u)     in_1->z R     unmapped_nor2        1  1.2     0    83    4535 
  filt/shape_imag/stage32/add_30_32/g265/z  (u)     in_0->z F     unmapped_nor2        1  1.1     0    83    4618 
  filt/shape_imag/stage32/add_30_32/g322/z  (u)     in_0->z R     unmapped_not         1  1.2     0    48    4665 
  filt/shape_imag/stage32/add_30_32/g323/z  (u)     in_1->z F     unmapped_nor2        1  1.1     0    83    4748 
  filt/shape_imag/stage32/add_30_32/g369/z  (u)     in_0->z R     unmapped_nand2       1  1.2     0    83    4831 
  filt/shape_imag/stage32/add_30_32/g452/z  (u)     in_0->z R     unmapped_xnor2       1  1.2     0   176    5006 
  filt/shape_imag/stage32/yout_z1_reg[31]/d -       -       R     unmapped_d_flop      1    -     -     0    5006 
#-----------------------------------------------------------------------------------------------------------------

(u) : Net has unmapped pin(s).

============================================================
  Generated by:           Genus(TM) Synthesis Solution GENUS15.21 - 15.20-s010_1
  Generated on:           Apr 20 2016  04:06:51 pm
  Module:                 transmitter
  Interconnect mode:      global
  Area mode:              physical library
============================================================

No paths found

