============================================================
  Generated by:           Genus(TM) Synthesis Solution GENUS15.21 - 15.20-s010_1
  Generated on:           Apr 20 2016  04:09:07 pm
  Module:                 transmitter
  Interconnect mode:      global
  Area mode:              physical library
============================================================


Path 1: MET (423 ps) Setup Check with Pin filt/shape_real_stage32_yout_z1_reg[15]/CK->D
           View: bcwc
          Group: C2C
     Startpoint: (R) filt/shape_real_stage32_xin_z1_reg[11]/CK
          Clock: (R) clk
       Endpoint: (R) filt/shape_real_stage32_yout_z1_reg[15]/D
          Clock: (R) clk

                     Capture       Launch     
        Clock Edge:+    5000            0     
       Src Latency:+       0            0     
       Net Latency:+       0 (I)        0 (I) 
           Arrival:=    5000            0     
                                              
             Setup:-     132                  
       Uncertainty:-     200                  
     Required Time:=    4668                  
      Launch Clock:-       0                  
         Data Path:-    4245                  
             Slack:=     423                  

#---------------------------------------------------------------------------------------------------------------------------------
#                          Timing Point                            Flags    Arc   Edge   Cell     Fanout Load Trans Delay Arrival 
#                                                                                                        (fF)  (ps)  (ps)   (ps)  
#---------------------------------------------------------------------------------------------------------------------------------
  filt/shape_real_stage32_xin_z1_reg[11]/CK                        -       -      R     (arrival)   2280    -     0     -       0 
  filt/shape_real_stage32_xin_z1_reg[11]/QN                        -       CK->QN R     DFFTRX2        1  2.0    37   274     274 
  filt/drc_bufs4655/Y                                              -       A->Y   F     INVX1          5  6.3   170   117     391 
  filt/shape_real_stage32_csa_tree_add_30_32_groupi/drc_bufs2224/Y -       A->Y   R     INVX2          8 11.1   145   160     550 
  filt/shape_real_stage32_csa_tree_add_30_32_groupi/drc_bufs2223/Y -       A->Y   F     INVX2          5  6.4   112   132     683 
  filt/shape_real_stage32_csa_tree_add_30_32_groupi/g2240/Y        -       A0->Y  F     OA22X1         5  6.8   190   296     978 
  filt/shape_real_stage32_csa_tree_add_30_32_groupi/g2/Y           -       B->Y   R     XNOR2X1        2  4.0   101   267    1246 
  filt/shape_real_stage32_csa_tree_add_30_32_groupi/g2166/Y        -       B->Y   F     NAND2X2        3  3.9   148   139    1385 
  filt/shape_real_stage32_csa_tree_add_30_32_groupi/g2161/Y        -       B->Y   R     NOR2BX1        1  1.8   119   146    1530 
  filt/shape_real_stage32_csa_tree_add_30_32_groupi/g2159/Y        -       B->Y   R     OR2X1          2  3.0    75   143    1674 
  filt/shape_real_stage32_csa_tree_add_30_32_groupi/g2134/Y        -       A->Y   R     OR2X1          1  1.8    50   119    1793 
  filt/shape_real_stage32_csa_tree_add_30_32_groupi/g2130/Y        -       A1N->Y R     OAI2BB1X1      1  2.2    76   155    1948 
  filt/shape_real_stage32_csa_tree_add_30_32_groupi/g2128/CO       -       CI->CO R     ADDFX1         1  2.2    72   223    2171 
  filt/shape_real_stage32_csa_tree_add_30_32_groupi/g2127/CO       -       CI->CO R     ADDFX1         1  2.2    72   221    2392 
  filt/shape_real_stage32_csa_tree_add_30_32_groupi/g2126/CO       -       CI->CO R     ADDFX1         1  2.2    72   221    2613 
  filt/shape_real_stage32_csa_tree_add_30_32_groupi/g2125/CO       -       CI->CO R     ADDFX1         1  2.2    72   221    2834 
  filt/shape_real_stage32_csa_tree_add_30_32_groupi/g2124/CO       -       CI->CO R     ADDFX1         1  2.2    72   221    3055 
  filt/shape_real_stage32_csa_tree_add_30_32_groupi/g2123/CO       -       CI->CO R     ADDFX1         1  2.2    72   221    3276 
  filt/shape_real_stage32_csa_tree_add_30_32_groupi/g2122/CO       -       CI->CO R     ADDFX1         1  2.2    72   221    3497 
  filt/shape_real_stage32_csa_tree_add_30_32_groupi/g2121/CO       -       CI->CO R     ADDFX1         1  2.2    72   221    3718 
  filt/shape_real_stage32_csa_tree_add_30_32_groupi/g2120/CO       -       CI->CO R     ADDFX1         1  2.0    68   219    3937 
  filt/shape_real_stage32_csa_tree_add_30_32_groupi/g2119/Y        -       B->Y   R     XNOR2X1        1  1.8    55   157    4094 
  filt/g4287/Y                                                     -       A->Y   R     AND2X1         1  1.9    55   151    4245 
  filt/shape_real_stage32_yout_z1_reg[15]/D                        -       -      R     DFFHQX1        1    -     -     0    4245 
#---------------------------------------------------------------------------------------------------------------------------------

