Command: report datapath > Outputs/reports_Apr20/transmitter_datapath_incr.rpt
============================================================
  Generated by:           Genus(TM) Synthesis Solution GENUS15.21 - 15.20-s010_1
  Generated on:           Apr 20 2016  04:09:07 pm
  Module:                 transmitter
  Interconnect mode:      global
  Area mode:              physical library
============================================================


Inferred components

                     Operator   Signedness  Inputs  Outputs CellArea 
=====================================================================
transmitter
 filt
  shape_imag_stage10_csa_tree_add_30_32_groupi
   
   module:csa_tree_add_30_32_group_862_863_40_1333
    timing_driven csa_and_adder            32x32x32 32        169.97 
=====================================================================
transmitter
 filt
  shape_imag_stage11_csa_tree_add_30_32_groupi
   
   module:csa_tree_add_30_32_group_862_863_41_1360
    timing_driven csa_and_adder            32x32x32 32        200.75 
=====================================================================
transmitter
 filt
  shape_imag_stage12_csa_tree_add_30_32_groupi
   
   module:csa_tree_add_30_32_group_862_863_42_1370
    timing_driven/non_booth
                  csa_and_adder            32x32x32 32        194.94 
=====================================================================
transmitter
 filt
  shape_imag_stage13_csa_tree_add_30_32_groupi
   
   module:csa_tree_add_30_32_group_862_863_43_1327
    timing_driven csa_and_adder            32x32x32 32        183.65 
=====================================================================
transmitter
 filt
  shape_imag_stage14_csa_tree_add_30_32_groupi
   
   module:csa_tree_add_30_32_group_862_863_44_1367
    timing_driven csa_and_adder            32x32x32 32        183.65 
=====================================================================
transmitter
 filt
  shape_imag_stage15_csa_tree_add_30_32_groupi
   
   module:csa_tree_add_30_32_group_862_863_45_1354
    timing_driven csa_and_adder            32x32x32 32        163.82 
=====================================================================
transmitter
 filt
  shape_imag_stage16_csa_tree_add_30_32_groupi
   
   module:csa_tree_add_30_32_group_862_863_46_1336
    timing_driven csa_and_adder            32x32x32 32        225.38 
=====================================================================
transmitter
 filt
  shape_imag_stage17_csa_tree_add_30_32_groupi
   
   module:csa_tree_add_30_32_group_862_863_15
    timing_driven csa_and_adder            32x32x32 32        193.57 
=====================================================================
transmitter
 filt
  shape_imag_stage18_csa_tree_add_30_32_groupi
   
   module:csa_tree_add_30_32_group_862_863_46
    timing_driven csa_and_adder            32x32x32 32        225.38 
=====================================================================
transmitter
 filt
  shape_imag_stage19_csa_tree_add_30_32_groupi
   
   module:csa_tree_add_30_32_group_862_863_45
    timing_driven csa_and_adder            32x32x32 32        163.82 
=====================================================================
transmitter
 filt
  shape_imag_stage20_csa_tree_add_30_32_groupi
   
   module:csa_tree_add_30_32_group_862_863_44
    timing_driven csa_and_adder            32x32x32 32        183.65 
=====================================================================
transmitter
 filt
  shape_imag_stage21_csa_tree_add_30_32_groupi
   
   module:csa_tree_add_30_32_group_862_863_43
    timing_driven csa_and_adder            32x32x32 32        183.65 
=====================================================================
transmitter
 filt
  shape_imag_stage22_csa_tree_add_30_32_groupi
   
   module:csa_tree_add_30_32_group_862_863_42
    timing_driven/non_booth
                  csa_and_adder            32x32x32 32        194.94 
=====================================================================
transmitter
 filt
  shape_imag_stage23_csa_tree_add_30_32_groupi
   
   module:csa_tree_add_30_32_group_862_863_41
    timing_driven csa_and_adder            32x32x32 32        200.75 
=====================================================================
transmitter
 filt
  shape_imag_stage24_csa_tree_add_30_32_groupi
   
   module:csa_tree_add_30_32_group_862_863_40
    timing_driven csa_and_adder            32x32x32 32        169.97 
=====================================================================
transmitter
 filt
  shape_imag_stage25_csa_tree_add_30_32_groupi
   
   module:csa_tree_add_30_32_group_862_863_39
    timing_driven csa_and_adder            32x32x32 32        119.70 
=====================================================================
transmitter
 filt
  shape_imag_stage26_csa_tree_add_30_32_groupi
   
   module:csa_tree_add_30_32_group_862_863_38
    timing_driven csa_and_adder            32x32x32 32        128.93 
=====================================================================
transmitter
 filt
  shape_imag_stage27_csa_tree_add_30_32_groupi
   
   module:csa_tree_add_30_32_group_862_863_37
    timing_driven/non_booth
                  csa_and_adder            32x32x32 32        225.04 
=====================================================================
transmitter
 filt
  shape_imag_stage28_csa_tree_add_30_32_groupi
   
   module:csa_tree_add_30_32_group_862_863_36
    timing_driven csa_and_adder            32x32x32 32        217.17 
=====================================================================
transmitter
 filt
  shape_imag_stage29_csa_tree_add_30_32_groupi
   
   module:csa_tree_add_30_32_group_862_863_35
    timing_driven csa_and_adder            32x32x32 32        192.20 
=====================================================================
transmitter
 filt
  shape_imag_stage2_csa_tree_add_30_32_groupi
   
   module:csa_tree_add_30_32_group_862_863_1363
    timing_driven csa_and_adder            32x32x32 32        229.48 
=====================================================================
transmitter
 filt
  shape_imag_stage30_csa_tree_add_30_32_groupi
   
   module:csa_tree_add_30_32_group_862_863_34
    timing_driven csa_and_adder            32x32x32 32        196.65 
=====================================================================
transmitter
 filt
  shape_imag_stage31_csa_tree_add_30_32_groupi
   
   module:csa_tree_add_30_32_group_862_863_33
    timing_driven csa_and_adder            32x32x32 32         77.63 
=====================================================================
transmitter
 filt
  shape_imag_stage32_csa_tree_add_30_32_groupi
   
   module:csa_tree_add_30_32_group_862_863_3_1357
    timing_driven csa_and_adder            32x32x32 32        215.12 
=====================================================================
transmitter
 filt
  shape_imag_stage33_csa_tree_add_30_32_groupi
   
   module:csa_tree_add_30_32_group_734_1358
    timing_driven/booth
                  csa_and_adder            32x32x32 16        371.75 
---------------------------------------------------------------------
    add_30_32           +       signed     32x32    16               
    mul_30_23
     booth              *       signed     32x32    32               
=====================================================================
transmitter
 filt
  shape_imag_stage3_csa_tree_add_30_32_groupi
   
   module:csa_tree_add_30_32_group_862_863_33_1397
    timing_driven csa_and_adder            32x32x32 32         77.63 
=====================================================================
transmitter
 filt
  shape_imag_stage4_csa_tree_add_30_32_groupi
   
   module:csa_tree_add_30_32_group_862_863_34_1351
    timing_driven csa_and_adder            32x32x32 32        196.65 
=====================================================================
transmitter
 filt
  shape_imag_stage5_csa_tree_add_30_32_groupi
   
   module:csa_tree_add_30_32_group_862_863_35_1364
    timing_driven csa_and_adder            32x32x32 32        192.20 
=====================================================================
transmitter
 filt
  shape_imag_stage6_csa_tree_add_30_32_groupi
   
   module:csa_tree_add_30_32_group_862_863_36_1345
    timing_driven csa_and_adder            32x32x32 32        217.17 
=====================================================================
transmitter
 filt
  shape_imag_stage7_csa_tree_add_30_32_groupi
   
   module:csa_tree_add_30_32_group_862_863_37_1342
    timing_driven/non_booth
                  csa_and_adder            32x32x32 32        225.04 
=====================================================================
transmitter
 filt
  shape_imag_stage8_csa_tree_add_30_32_groupi
   
   module:csa_tree_add_30_32_group_862_863_38_1339
    timing_driven csa_and_adder            32x32x32 32        128.93 
=====================================================================
transmitter
 filt
  shape_imag_stage9_csa_tree_add_30_32_groupi
   
   module:csa_tree_add_30_32_group_862_863_39_1330
    timing_driven csa_and_adder            32x32x32 32        119.70 
=====================================================================
transmitter
 filt
  shape_real_stage10_csa_tree_add_30_32_groupi
   
   module:csa_tree_add_30_32_group_862_863_40_1335
    timing_driven csa_and_adder            32x32x32 32        169.97 
=====================================================================
transmitter
 filt
  shape_real_stage11_csa_tree_add_30_32_groupi
   
   module:csa_tree_add_30_32_group_862_863_41_1362
    timing_driven csa_and_adder            32x32x32 32        200.75 
=====================================================================
transmitter
 filt
  shape_real_stage12_csa_tree_add_30_32_groupi
   
   module:csa_tree_add_30_32_group_862_863_42_1372
    timing_driven/non_booth
                  csa_and_adder            32x32x32 32        194.94 
=====================================================================
transmitter
 filt
  shape_real_stage13_csa_tree_add_30_32_groupi
   
   module:csa_tree_add_30_32_group_862_863_43_1329
    timing_driven csa_and_adder            32x32x32 32        183.65 
=====================================================================
transmitter
 filt
  shape_real_stage14_csa_tree_add_30_32_groupi
   
   module:csa_tree_add_30_32_group_862_863_44_1369
    timing_driven csa_and_adder            32x32x32 32        183.65 
=====================================================================
transmitter
 filt
  shape_real_stage15_csa_tree_add_30_32_groupi
   
   module:csa_tree_add_30_32_group_862_863_45_1356
    timing_driven csa_and_adder            32x32x32 32        163.82 
=====================================================================
transmitter
 filt
  shape_real_stage16_csa_tree_add_30_32_groupi
   
   module:csa_tree_add_30_32_group_862_863_46_1338
    timing_driven csa_and_adder            32x32x32 32        225.38 
=====================================================================
transmitter
 filt
  shape_real_stage17_csa_tree_add_30_32_groupi
   
   module:csa_tree_add_30_32_group_862_863_15_1359
    timing_driven csa_and_adder            32x32x32 32        193.57 
=====================================================================
transmitter
 filt
  shape_real_stage18_csa_tree_add_30_32_groupi
   
   module:csa_tree_add_30_32_group_862_863_46_1337
    timing_driven csa_and_adder            32x32x32 32        225.38 
=====================================================================
transmitter
 filt
  shape_real_stage19_csa_tree_add_30_32_groupi
   
   module:csa_tree_add_30_32_group_862_863_45_1355
    timing_driven csa_and_adder            32x32x32 32        163.82 
=====================================================================
transmitter
 filt
  shape_real_stage20_csa_tree_add_30_32_groupi
   
   module:csa_tree_add_30_32_group_862_863_44_1368
    timing_driven csa_and_adder            32x32x32 32        183.65 
=====================================================================
transmitter
 filt
  shape_real_stage21_csa_tree_add_30_32_groupi
   
   module:csa_tree_add_30_32_group_862_863_43_1328
    timing_driven csa_and_adder            32x32x32 32        183.65 
=====================================================================
transmitter
 filt
  shape_real_stage22_csa_tree_add_30_32_groupi
   
   module:csa_tree_add_30_32_group_862_863_42_1371
    timing_driven/non_booth
                  csa_and_adder            32x32x32 32        194.94 
=====================================================================
transmitter
 filt
  shape_real_stage23_csa_tree_add_30_32_groupi
   
   module:csa_tree_add_30_32_group_862_863_41_1361
    timing_driven csa_and_adder            32x32x32 32        200.75 
=====================================================================
transmitter
 filt
  shape_real_stage24_csa_tree_add_30_32_groupi
   
   module:csa_tree_add_30_32_group_862_863_40_1334
    timing_driven csa_and_adder            32x32x32 32        169.97 
=====================================================================
transmitter
 filt
  shape_real_stage25_csa_tree_add_30_32_groupi
   
   module:csa_tree_add_30_32_group_862_863_39_1331
    timing_driven csa_and_adder            32x32x32 32        119.70 
=====================================================================
transmitter
 filt
  shape_real_stage26_csa_tree_add_30_32_groupi
   
   module:csa_tree_add_30_32_group_862_863_38_1340
    timing_driven csa_and_adder            32x32x32 32        128.93 
=====================================================================
transmitter
 filt
  shape_real_stage27_csa_tree_add_30_32_groupi
   
   module:csa_tree_add_30_32_group_862_863_37_1343
    timing_driven/non_booth
                  csa_and_adder            32x32x32 32        225.04 
=====================================================================
transmitter
 filt
  shape_real_stage28_csa_tree_add_30_32_groupi
   
   module:csa_tree_add_30_32_group_862_863_36_1346
    timing_driven csa_and_adder            32x32x32 32        217.17 
=====================================================================
transmitter
 filt
  shape_real_stage29_csa_tree_add_30_32_groupi
   
   module:csa_tree_add_30_32_group_862_863_35_1365
    timing_driven csa_and_adder            32x32x32 32        192.20 
=====================================================================
transmitter
 filt
  shape_real_stage2_csa_tree_add_30_32_groupi
   
   module:csa_tree_add_30_32_group_862_863
    timing_driven csa_and_adder            32x32x32 32        229.48 
=====================================================================
transmitter
 filt
  shape_real_stage30_csa_tree_add_30_32_groupi
   
   module:csa_tree_add_30_32_group_862_863_34_1352
    timing_driven csa_and_adder            32x32x32 32        196.65 
=====================================================================
transmitter
 filt
  shape_real_stage31_csa_tree_add_30_32_groupi
   
   module:csa_tree_add_30_32_group_862_863_33_1398
    timing_driven csa_and_adder            32x32x32 32         77.63 
=====================================================================
transmitter
 filt
  shape_real_stage32_csa_tree_add_30_32_groupi
   
   module:csa_tree_add_30_32_group_862_863_3
    timing_driven csa_and_adder            32x32x32 32        215.12 
=====================================================================
transmitter
 filt
  shape_real_stage33_csa_tree_add_30_32_groupi
   
   module:csa_tree_add_30_32_group_734
    timing_driven/booth
                  csa_and_adder            32x32x32 16        371.75 
---------------------------------------------------------------------
    add_30_32           +       signed     32x32    16               
    mul_30_23
     booth              *       signed     32x32    32               
=====================================================================
transmitter
 filt
  shape_real_stage3_csa_tree_add_30_32_groupi
   
   module:csa_tree_add_30_32_group_862_863_33_1399
    timing_driven csa_and_adder            32x32x32 32         77.63 
=====================================================================
transmitter
 filt
  shape_real_stage4_csa_tree_add_30_32_groupi
   
   module:csa_tree_add_30_32_group_862_863_34_1353
    timing_driven csa_and_adder            32x32x32 32        196.65 
=====================================================================
transmitter
 filt
  shape_real_stage5_csa_tree_add_30_32_groupi
   
   module:csa_tree_add_30_32_group_862_863_35_1366
    timing_driven csa_and_adder            32x32x32 32        192.20 
=====================================================================
transmitter
 filt
  shape_real_stage6_csa_tree_add_30_32_groupi
   
   module:csa_tree_add_30_32_group_862_863_36_1347
    timing_driven csa_and_adder            32x32x32 32        217.17 
=====================================================================
transmitter
 filt
  shape_real_stage7_csa_tree_add_30_32_groupi
   
   module:csa_tree_add_30_32_group_862_863_37_1344
    timing_driven/non_booth
                  csa_and_adder            32x32x32 32        225.04 
=====================================================================
transmitter
 filt
  shape_real_stage8_csa_tree_add_30_32_groupi
   
   module:csa_tree_add_30_32_group_862_863_38_1341
    timing_driven csa_and_adder            32x32x32 32        128.93 
=====================================================================
transmitter
 filt
  shape_real_stage9_csa_tree_add_30_32_groupi
   
   module:csa_tree_add_30_32_group_862_863_39_1332
    timing_driven csa_and_adder            32x32x32 32        119.70 
=====================================================================

      Type       CellArea Percentage 
-------------------------------------
datapath modules 11937.85      39.98 
external muxes       0.00       0.00 
others           17921.14      60.02 
-------------------------------------
total            29858.99     100.00 

