============================================================
  Generated by:           Genus(TM) Synthesis Solution GENUS15.21 - 15.20-s010_1
  Generated on:           Apr 20 2016  04:08:40 pm
  Module:                 transmitter
  Interconnect mode:      global
  Area mode:              physical library
============================================================


Path 1: MET (405 ps) Setup Check with Pin filt/shape_real_stage32_yout_z1_reg[15]/CK->D
           View: bcwc
          Group: C2C
     Startpoint: (R) filt/shape_real_stage32_xin_z1_reg[11]/CK
          Clock: (R) clk
       Endpoint: (R) filt/shape_real_stage32_yout_z1_reg[15]/D
          Clock: (R) clk

                     Capture       Launch     
        Clock Edge:+    5000            0     
       Src Latency:+       0            0     
       Net Latency:+       0 (I)        0 (I) 
           Arrival:=    5000            0     
                                              
             Setup:-     132                  
       Uncertainty:-     200                  
     Required Time:=    4668                  
      Launch Clock:-       0                  
         Data Path:-    4263                  
             Slack:=     405                  

#---------------------------------------------------------------------------------------------------------------------------------
#                          Timing Point                            Flags    Arc   Edge   Cell     Fanout Load Trans Delay Arrival 
#                                                                                                        (fF)  (ps)  (ps)   (ps)  
#---------------------------------------------------------------------------------------------------------------------------------
  filt/shape_real_stage32_xin_z1_reg[11]/CK                        -       -      R     (arrival)   2280    -     0     -       0 
  filt/shape_real_stage32_xin_z1_reg[11]/QN                        -       CK->QN F     DFFTRX2        1  2.7    50   256     256 
  filt/drc_bufs4655/Y                                              -       A->Y   R     INVX3          5  6.0    55    56     312 
  filt/shape_real_stage32_csa_tree_add_30_32_groupi/drc_bufs2224/Y -       A->Y   F     INVX1          2  3.4   102    88     400 
  filt/shape_real_stage32_csa_tree_add_30_32_groupi/drc_bufs/Y     -       A->Y   R     INVX1          5  7.0   168   146     547 
  filt/shape_real_stage32_csa_tree_add_30_32_groupi/g2222/Y        -       A->Y   F     INVX2          6  8.3   140   157     704 
  filt/shape_real_stage32_csa_tree_add_30_32_groupi/g2211/Y        -       B->Y   R     NOR2X1         1  3.2   178   176     880 
  filt/shape_real_stage32_csa_tree_add_30_32_groupi/g2200/Y        -       B->Y   F     NOR2X4         6  7.7    92   127    1008 
  filt/shape_real_stage32_csa_tree_add_30_32_groupi/g2187/Y        -       B->Y   R     NOR2X1         1  1.8   112   115    1123 
  filt/shape_real_stage32_csa_tree_add_30_32_groupi/g2180/Y        -       AN->Y  R     NAND2BX2       2  4.0    78   153    1276 
  filt/shape_real_stage32_csa_tree_add_30_32_groupi/g2166/Y        -       B->Y   F     NAND2X2        3  3.9   147   127    1403 
  filt/shape_real_stage32_csa_tree_add_30_32_groupi/g2161/Y        -       B->Y   R     NOR2BX1        1  1.8   118   145    1548 
  filt/shape_real_stage32_csa_tree_add_30_32_groupi/g2159/Y        -       B->Y   R     OR2X1          2  3.0    75   143    1692 
  filt/shape_real_stage32_csa_tree_add_30_32_groupi/g2134/Y        -       A->Y   R     OR2X1          1  1.8    50   119    1811 
  filt/shape_real_stage32_csa_tree_add_30_32_groupi/g2130/Y        -       A1N->Y R     OAI2BB1X1      1  2.2    76   155    1966 
  filt/shape_real_stage32_csa_tree_add_30_32_groupi/g2128/CO       -       CI->CO R     ADDFX1         1  2.2    72   223    2189 
  filt/shape_real_stage32_csa_tree_add_30_32_groupi/g2127/CO       -       CI->CO R     ADDFX1         1  2.2    72   221    2410 
  filt/shape_real_stage32_csa_tree_add_30_32_groupi/g2126/CO       -       CI->CO R     ADDFX1         1  2.2    72   221    2631 
  filt/shape_real_stage32_csa_tree_add_30_32_groupi/g2125/CO       -       CI->CO R     ADDFX1         1  2.2    72   221    2852 
  filt/shape_real_stage32_csa_tree_add_30_32_groupi/g2124/CO       -       CI->CO R     ADDFX1         1  2.2    72   221    3073 
  filt/shape_real_stage32_csa_tree_add_30_32_groupi/g2123/CO       -       CI->CO R     ADDFX1         1  2.2    72   221    3294 
  filt/shape_real_stage32_csa_tree_add_30_32_groupi/g2122/CO       -       CI->CO R     ADDFX1         1  2.2    72   221    3515 
  filt/shape_real_stage32_csa_tree_add_30_32_groupi/g2121/CO       -       CI->CO R     ADDFX1         1  2.2    72   221    3736 
  filt/shape_real_stage32_csa_tree_add_30_32_groupi/g2120/CO       -       CI->CO R     ADDFX1         1  2.0    68   219    3955 
  filt/shape_real_stage32_csa_tree_add_30_32_groupi/g2119/Y        -       B->Y   R     XNOR2X1        1  1.8    55   157    4112 
  filt/g4287/Y                                                     -       A->Y   R     AND2X1         1  1.9    55   151    4263 
  filt/shape_real_stage32_yout_z1_reg[15]/D                        -       -      R     DFFHQX1        1    -     -     0    4263 
#---------------------------------------------------------------------------------------------------------------------------------

