============================================================
  Generated by:           Genus(TM) Synthesis Solution GENUS15.21 - 15.20-s010_1
  Generated on:           Apr 20 2016  04:08:40 pm
  Module:                 transmitter
  Interconnect mode:      global
  Area mode:              physical library
============================================================

Timing
--------

Mode   Clock   Period 
----------------------
bcwc clk       5000.0 
     clk_slow 60000.0 


               Cost           Critical Path  Violating 
Mode           Group              Slack        Paths   
-------------------------------------------------------
bcwc C2C                              404.6            
     C2O                           No paths            
     cg_enable_group_clk_slow      No paths            
     clk                           No paths            
     clk_slow                      No paths            
     default                       No paths            
     I2C                           No paths            
     I2O                           No paths            

Instance Count
--------------
Leaf Instance Count             9432 
Sequential Instance Count       2337 
Combinational Instance Count    7095 
Hierarchical Instance Count       72 

Area
----
Cell Area                          31063.860
Physical Cell Area                 0.000
Total Cell Area (Cell+Physical)    31063.860
Net Area                           10317.871
Total Area (Cell+Physical+Net)     41381.731

Runtime                            -0.071 seconds
Elapsed Runtime                    134 seconds
Genus peak memory usage            659.47 
Innovus peak memory usage          no_value 
Hostname                           ice02.ee.cooper.edu
