============================================================
  Generated by:           Genus(TM) Synthesis Solution GENUS15.21 - 15.20-s010_1
  Generated on:           Apr 20 2016  04:08:38 pm
  Module:                 transmitter
  Interconnect mode:      global
  Area mode:              physical library
============================================================

                                                 Library 
    Gate     Instances    Area        Library     Domain 
---------------------------------------------------------
ADDFX1             984   5047.920    slow_vdd1v0    slow 
ADDHX1             182    684.684    slow_vdd1v0    slow 
ADDHX2              14     71.820    slow_vdd1v0    slow 
AND2X1             577    789.336    slow_vdd1v0    slow 
AND3XL              14     28.728    slow_vdd1v0    slow 
AND4X1               1      2.394    slow_vdd1v0    slow 
AO21X1              60    143.640    slow_vdd1v0    slow 
AO22X1               9     24.624    slow_vdd1v0    slow 
AOI211XL             1      2.052    slow_vdd1v0    slow 
AOI21X1             71    121.410    slow_vdd1v0    slow 
AOI21X2             36     98.496    slow_vdd1v0    slow 
AOI21XL              1      1.710    slow_vdd1v0    slow 
AOI221X1             6     14.364    slow_vdd1v0    slow 
AOI221X2             4     17.784    slow_vdd1v0    slow 
AOI22X1              4      8.208    slow_vdd1v0    slow 
AOI22XL              3      6.156    slow_vdd1v0    slow 
AOI2BB1X1           62    127.224    slow_vdd1v0    slow 
AOI2BB1XL            4      8.208    slow_vdd1v0    slow 
AOI31X2             24     82.080    slow_vdd1v0    slow 
BUFX2               61    104.310    slow_vdd1v0    slow 
BUFX3                8     16.416    slow_vdd1v0    slow 
DFFHQX1            362   1980.864    slow_vdd1v0    slow 
DFFHQX2            202   1381.680    slow_vdd1v0    slow 
DFFHQX4            190   1559.520    slow_vdd1v0    slow 
DFFHQX8             34    313.956    slow_vdd1v0    slow 
DFFQX2             476   3093.048    slow_vdd1v0    slow 
DFFTRX2            224   1838.592    slow_vdd1v0    slow 
DFFTRX4              2     21.888    slow_vdd1v0    slow 
DFFTRXL            810   6371.460    slow_vdd1v0    slow 
INVX1             1176    804.384    slow_vdd1v0    slow 
INVX2              390    400.140    slow_vdd1v0    slow 
INVX3                7      9.576    slow_vdd1v0    slow 
INVX6                2      4.788    slow_vdd1v0    slow 
MX2X1                5     11.970    slow_vdd1v0    slow 
MXI2XL               1      2.394    slow_vdd1v0    slow 
NAND2BX1            44     60.192    slow_vdd1v0    slow 
NAND2BX2            22     52.668    slow_vdd1v0    slow 
NAND2BXL            13     17.784    slow_vdd1v0    slow 
NAND2X1            244    250.344    slow_vdd1v0    slow 
NAND2X2            108    184.680    slow_vdd1v0    slow 
NAND2XL             11     11.286    slow_vdd1v0    slow 
NAND3BXL             8     13.680    slow_vdd1v0    slow 
NAND3X2              4     10.944    slow_vdd1v0    slow 
NAND3XL              2      3.420    slow_vdd1v0    slow 
NAND4BXL             1      2.394    slow_vdd1v0    slow 
NAND4XL              2      3.420    slow_vdd1v0    slow 
NOR2BX1            198    270.864    slow_vdd1v0    slow 
NOR2BX2              6     16.416    slow_vdd1v0    slow 
NOR2X1            1099   1127.574    slow_vdd1v0    slow 
NOR2X2              65    111.150    slow_vdd1v0    slow 
NOR2X4               2      6.156    slow_vdd1v0    slow 
NOR2XL              13     13.338    slow_vdd1v0    slow 
NOR3BX1             12     24.624    slow_vdd1v0    slow 
NOR3BX2              1      3.420    slow_vdd1v0    slow 
NOR3BXL              3      6.156    slow_vdd1v0    slow 
NOR3XL               1      1.710    slow_vdd1v0    slow 
NOR4X1               1      1.710    slow_vdd1v0    slow 
OA21X1              55    112.860    slow_vdd1v0    slow 
OA22X1               4      9.576    slow_vdd1v0    slow 
OAI211X1             2      3.420    slow_vdd1v0    slow 
OAI21X1             47     80.370    slow_vdd1v0    slow 
OAI21X2              2      6.156    slow_vdd1v0    slow 
OAI21XL              3      5.130    slow_vdd1v0    slow 
OAI22X1              4      8.208    slow_vdd1v0    slow 
OAI22X2              8     27.360    slow_vdd1v0    slow 
OAI22XL              2      4.104    slow_vdd1v0    slow 
OAI2BB1X1           93    159.030    slow_vdd1v0    slow 
OAI31X1              1      2.052    slow_vdd1v0    slow 
OR2X1              148    202.464    slow_vdd1v0    slow 
OR3X1                1      2.052    slow_vdd1v0    slow 
TLATNTSCAX2          2     12.996    slow_vdd1v0    slow 
TLATNX1              3     17.442    slow_vdd1v0    slow 
TLATNXL             17     93.024    slow_vdd1v0    slow 
TLATX1              15     82.080    slow_vdd1v0    slow 
XNOR2X1            951   2276.694    slow_vdd1v0    slow 
XOR2X1             203    555.408    slow_vdd1v0    slow 
XOR2X2               4     13.680    slow_vdd1v0    slow 
---------------------------------------------------------
total             9432  31063.860                


                                                        
            Type             Instances    Area   Area % 
--------------------------------------------------------
sequential                        2335 16753.554   53.9 
inverter                          1575  1218.888    3.9 
buffer                              69   120.726    0.4 
clock_gating_integrated_cell         2    12.996    0.0 
unresolved                           1     0.000    0.0 
logic                             5451 12957.696   41.7 
physical_cells                       0     0.000    0.0 
--------------------------------------------------------
total                             9433 31063.860  100.0 

