============================================================
  Generated by:           Genus(TM) Synthesis Solution GENUS15.21 - 15.20-s010_1
  Generated on:           Apr 20 2016  04:09:05 pm
  Module:                 transmitter
  Interconnect mode:      global
  Area mode:              physical library
============================================================

                                                 Library 
    Gate     Instances    Area        Library     Domain 
---------------------------------------------------------
ADDFX1             984   5047.920    slow_vdd1v0    slow 
ADDHX1             182    684.684    slow_vdd1v0    slow 
ADDHX2              14     71.820    slow_vdd1v0    slow 
AND2X1             580    793.440    slow_vdd1v0    slow 
AND3XL              14     28.728    slow_vdd1v0    slow 
AND4X1               1      2.394    slow_vdd1v0    slow 
AO21X1              60    143.640    slow_vdd1v0    slow 
AO22X1               8     21.888    slow_vdd1v0    slow 
AOI211XL             1      2.052    slow_vdd1v0    slow 
AOI21X1             72    123.120    slow_vdd1v0    slow 
AOI21X2             36     98.496    slow_vdd1v0    slow 
AOI21XL              1      1.710    slow_vdd1v0    slow 
AOI221X1             1      2.394    slow_vdd1v0    slow 
AOI221X2             4     17.784    slow_vdd1v0    slow 
AOI22X1              1      2.052    slow_vdd1v0    slow 
AOI22XL              2      4.104    slow_vdd1v0    slow 
AOI2BB1X1           58    119.016    slow_vdd1v0    slow 
AOI2BB1XL            4      8.208    slow_vdd1v0    slow 
AOI31X2             24     82.080    slow_vdd1v0    slow 
BUFX2              111    189.810    slow_vdd1v0    slow 
BUFX3               18     36.936    slow_vdd1v0    slow 
BUFX6                4     12.312    slow_vdd1v0    slow 
DFFHQX1           1150   6292.800    slow_vdd1v0    slow 
DFFHQX2             15    102.600    slow_vdd1v0    slow 
DFFHQX4             23    188.784    slow_vdd1v0    slow 
DFFHQX8             32    295.488    slow_vdd1v0    slow 
DFFQX2              40    259.920    slow_vdd1v0    slow 
DFFQXL               4     21.888    slow_vdd1v0    slow 
DFFTRX2             45    369.360    slow_vdd1v0    slow 
DFFTRXL            991   7795.206    slow_vdd1v0    slow 
INVX1             1149    785.916    slow_vdd1v0    slow 
INVX2              376    385.776    slow_vdd1v0    slow 
INVX3                1      1.368    slow_vdd1v0    slow 
INVXL                2      1.368    slow_vdd1v0    slow 
MX2X1                5     11.970    slow_vdd1v0    slow 
MXI2XL               1      2.394    slow_vdd1v0    slow 
NAND2BX1            45     61.560    slow_vdd1v0    slow 
NAND2BX2            21     50.274    slow_vdd1v0    slow 
NAND2BXL            12     16.416    slow_vdd1v0    slow 
NAND2X1            230    235.980    slow_vdd1v0    slow 
NAND2X2            114    194.940    slow_vdd1v0    slow 
NAND2XL              9      9.234    slow_vdd1v0    slow 
NAND3BXL             8     13.680    slow_vdd1v0    slow 
NAND3X2              4     10.944    slow_vdd1v0    slow 
NAND3XL              2      3.420    slow_vdd1v0    slow 
NAND4BXL             1      2.394    slow_vdd1v0    slow 
NAND4XL              1      1.710    slow_vdd1v0    slow 
NOR2BX1            187    255.816    slow_vdd1v0    slow 
NOR2BX2              6     16.416    slow_vdd1v0    slow 
NOR2X1            1086   1114.236    slow_vdd1v0    slow 
NOR2X2              65    111.150    slow_vdd1v0    slow 
NOR2XL              12     12.312    slow_vdd1v0    slow 
NOR3BX1             12     24.624    slow_vdd1v0    slow 
NOR3BXL              3      6.156    slow_vdd1v0    slow 
NOR3XL               1      1.710    slow_vdd1v0    slow 
NOR4X1               1      1.710    slow_vdd1v0    slow 
OA21X1              55    112.860    slow_vdd1v0    slow 
OA22X1              10     23.940    slow_vdd1v0    slow 
OAI211X1             2      3.420    slow_vdd1v0    slow 
OAI21X1             47     80.370    slow_vdd1v0    slow 
OAI21X2              2      6.156    slow_vdd1v0    slow 
OAI21XL              3      5.130    slow_vdd1v0    slow 
OAI22X1              4      8.208    slow_vdd1v0    slow 
OAI22X2              8     27.360    slow_vdd1v0    slow 
OAI22XL              1      2.052    slow_vdd1v0    slow 
OAI2BB1X1           95    162.450    slow_vdd1v0    slow 
OAI31X1              1      2.052    slow_vdd1v0    slow 
OR2X1              148    202.464    slow_vdd1v0    slow 
OR3X1                1      2.052    slow_vdd1v0    slow 
TLATNTSCAX2          2     12.996    slow_vdd1v0    slow 
TLATNX1              3     17.442    slow_vdd1v0    slow 
TLATNXL             17     93.024    slow_vdd1v0    slow 
TLATX1              15     82.080    slow_vdd1v0    slow 
XNOR2X1            955   2286.270    slow_vdd1v0    slow 
XOR2X1             205    560.880    slow_vdd1v0    slow 
XOR2X2               4     13.680    slow_vdd1v0    slow 
---------------------------------------------------------
total             9412  29858.994                


                                                        
            Type             Instances    Area   Area % 
--------------------------------------------------------
sequential                        2335 15518.592   52.0 
inverter                          1528  1174.428    3.9 
buffer                             133   239.058    0.8 
clock_gating_integrated_cell         2    12.996    0.0 
unresolved                           1     0.000    0.0 
logic                             5414 12913.920   43.2 
physical_cells                       0     0.000    0.0 
--------------------------------------------------------
total                             9413 29858.994  100.0 

