============================================================
  Generated by:           Genus(TM) Synthesis Solution GENUS15.21 - 15.20-s010_1
  Generated on:           Apr 20 2016  04:09:05 pm
  Module:                 transmitter
  Interconnect mode:      global
  Area mode:              physical library
============================================================

                    Instance                     Domain   Cells  Cell Area  Net Area   Total Area 
--------------------------------------------------------------------------------------------------
transmitter                                      slow      9412      29859     10298        40157 
  filt                                           slow      9117      29101      9982        39083 
    shape_real_stage33_csa_tree_add_30_32_groupi slow       114        372       118          490 
    shape_imag_stage33_csa_tree_add_30_32_groupi slow       114        372       118          490 
    shape_real_stage18_csa_tree_add_30_32_groupi slow       109        225       105          331 
    shape_real_stage16_csa_tree_add_30_32_groupi slow       109        225       105          331 
    shape_imag_stage18_csa_tree_add_30_32_groupi slow       109        225       105          331 
    shape_imag_stage16_csa_tree_add_30_32_groupi slow       109        225       105          331 
    shape_real_stage2_csa_tree_add_30_32_groupi  slow       102        229       101          330 
    shape_imag_stage2_csa_tree_add_30_32_groupi  slow       102        229       101          330 
    shape_real_stage7_csa_tree_add_30_32_groupi  slow       103        225       102          327 
    shape_real_stage27_csa_tree_add_30_32_groupi slow       103        225       102          327 
    shape_imag_stage7_csa_tree_add_30_32_groupi  slow       103        225       102          327 
    shape_imag_stage27_csa_tree_add_30_32_groupi slow       103        225       102          327 
    shape_real_stage32_csa_tree_add_30_32_groupi slow       104        215       102          317 
    shape_imag_stage32_csa_tree_add_30_32_groupi slow       104        215       102          317 
    shape_real_stage6_csa_tree_add_30_32_groupi  slow        99        217        96          313 
    shape_real_stage28_csa_tree_add_30_32_groupi slow        99        217        96          313 
    shape_imag_stage6_csa_tree_add_30_32_groupi  slow        99        217        96          313 
    shape_imag_stage28_csa_tree_add_30_32_groupi slow        99        217        96          313 
    shape_real_stage23_csa_tree_add_30_32_groupi slow        87        201        85          286 
    shape_real_stage11_csa_tree_add_30_32_groupi slow        87        201        85          286 
    shape_imag_stage23_csa_tree_add_30_32_groupi slow        87        201        85          286 
    shape_imag_stage11_csa_tree_add_30_32_groupi slow        87        201        85          286 
    shape_real_stage17_csa_tree_add_30_32_groupi slow        90        194        88          281 
    shape_imag_stage17_csa_tree_add_30_32_groupi slow        90        194        88          281 
    shape_real_stage4_csa_tree_add_30_32_groupi  slow        85        197        84          280 
    shape_real_stage30_csa_tree_add_30_32_groupi slow        85        197        84          280 
    shape_imag_stage4_csa_tree_add_30_32_groupi  slow        85        197        84          280 
    shape_imag_stage30_csa_tree_add_30_32_groupi slow        85        197        84          280 
    shape_real_stage22_csa_tree_add_30_32_groupi slow        87        195        82          277 
    shape_real_stage12_csa_tree_add_30_32_groupi slow        87        195        82          277 
    shape_imag_stage22_csa_tree_add_30_32_groupi slow        87        195        82          277 
    shape_imag_stage12_csa_tree_add_30_32_groupi slow        87        195        82          277 
    shape_real_stage5_csa_tree_add_30_32_groupi  slow        83        192        80          272 
    shape_real_stage29_csa_tree_add_30_32_groupi slow        83        192        80          272 
    shape_imag_stage5_csa_tree_add_30_32_groupi  slow        83        192        80          272 
    shape_imag_stage29_csa_tree_add_30_32_groupi slow        83        192        80          272 
    shape_real_stage21_csa_tree_add_30_32_groupi slow        86        184        80          263 
    shape_real_stage13_csa_tree_add_30_32_groupi slow        86        184        80          263 
    shape_imag_stage21_csa_tree_add_30_32_groupi slow        86        184        80          263 
    shape_imag_stage13_csa_tree_add_30_32_groupi slow        86        184        80          263 
    shape_real_stage20_csa_tree_add_30_32_groupi slow        84        184        77          261 
    shape_real_stage14_csa_tree_add_30_32_groupi slow        84        184        77          261 
    shape_imag_stage20_csa_tree_add_30_32_groupi slow        84        184        77          261 
    shape_imag_stage14_csa_tree_add_30_32_groupi slow        84        184        77          261 
    shape_real_stage24_csa_tree_add_30_32_groupi slow        70        170        67          237 
    shape_real_stage10_csa_tree_add_30_32_groupi slow        70        170        67          237 
    shape_imag_stage24_csa_tree_add_30_32_groupi slow        70        170        67          237 
    shape_imag_stage10_csa_tree_add_30_32_groupi slow        70        170        67          237 
    shape_real_stage19_csa_tree_add_30_32_groupi slow        68        164        65          228 
    shape_real_stage15_csa_tree_add_30_32_groupi slow        68        164        65          228 
    shape_imag_stage19_csa_tree_add_30_32_groupi slow        68        164        65          228 
    shape_imag_stage15_csa_tree_add_30_32_groupi slow        68        164        65          228 
    shape_real_stage8_csa_tree_add_30_32_groupi  slow        56        129        48          177 
    shape_real_stage26_csa_tree_add_30_32_groupi slow        56        129        48          177 
    shape_imag_stage8_csa_tree_add_30_32_groupi  slow        56        129        48          177 
    shape_imag_stage26_csa_tree_add_30_32_groupi slow        56        129        48          177 
    shape_real_stage9_csa_tree_add_30_32_groupi  slow        38        120        34          154 
    shape_real_stage25_csa_tree_add_30_32_groupi slow        38        120        34          154 
    shape_imag_stage9_csa_tree_add_30_32_groupi  slow        38        120        34          154 
    shape_imag_stage25_csa_tree_add_30_32_groupi slow        38        120        34          154 
    shape_real_stage3_csa_tree_add_30_32_groupi  slow        31         78        26          103 
    shape_real_stage31_csa_tree_add_30_32_groupi slow        31         78        26          103 
    shape_imag_stage3_csa_tree_add_30_32_groupi  slow        31         78        26          103 
    shape_imag_stage31_csa_tree_add_30_32_groupi slow        31         78        26          103 
  turbo_coder                                    slow       295        758       287         1045 
    out_block                                    slow       179        434       178          613 
    rsc_2                                        slow        58        162        43          205 
    rsc_1                                        slow        58        162        43          205 
